{"/home/francesco/Projects/manenti.net/kata-js-module/src/fizzbuzz/fizzbuzz.js": {"path":"/home/francesco/Projects/manenti.net/kata-js-module/src/fizzbuzz/fizzbuzz.js","statementMap":{"0":{"start":{"line":12,"column":26},"end":{"line":12,"column":35}},"1":{"start":{"line":13,"column":0},"end":{"line":13,"column":33}},"2":{"start":{"line":14,"column":0},"end":{"line":14,"column":33}},"3":{"start":{"line":17,"column":17},"end":{"line":17,"column":19}},"4":{"start":{"line":18,"column":4},"end":{"line":30,"column":5}},"5":{"start":{"line":18,"column":17},"end":{"line":18,"column":18}},"6":{"start":{"line":19,"column":19},"end":{"line":19,"column":21}},"7":{"start":{"line":20,"column":8},"end":{"line":24,"column":11}},"8":{"start":{"line":21,"column":12},"end":{"line":23,"column":13}},"9":{"start":{"line":22,"column":16},"end":{"line":22,"column":30}},"10":{"start":{"line":25,"column":8},"end":{"line":29,"column":9}},"11":{"start":{"line":26,"column":12},"end":{"line":26,"column":33}},"12":{"start":{"line":28,"column":12},"end":{"line":28,"column":30}},"13":{"start":{"line":31,"column":4},"end":{"line":31,"column":25}}},"fnMap":{"0":{"name":"fizzbuzz","decl":{"start":{"line":16,"column":16},"end":{"line":16,"column":24}},"loc":{"start":{"line":16,"column":33},"end":{"line":32,"column":1}},"line":16},"1":{"name":"(anonymous_1)","decl":{"start":{"line":20,"column":34},"end":{"line":20,"column":35}},"loc":{"start":{"line":20,"column":50},"end":{"line":24,"column":9}},"line":20}},"branchMap":{"0":{"loc":{"start":{"line":21,"column":12},"end":{"line":23,"column":13}},"type":"if","locations":[{"start":{"line":21,"column":12},"end":{"line":23,"column":13}},{"start":{},"end":{}}],"line":21},"1":{"loc":{"start":{"line":25,"column":8},"end":{"line":29,"column":9}},"type":"if","locations":[{"start":{"line":25,"column":8},"end":{"line":29,"column":9}},{"start":{"line":27,"column":15},"end":{"line":29,"column":9}}],"line":25}},"s":{"0":1,"1":1,"2":1,"3":5,"4":5,"5":5,"6":26,"7":26,"8":52,"9":11,"10":26,"11":10,"12":16,"13":5},"f":{"0":5,"1":52},"b":{"0":[11,41],"1":[10,16]},"_coverageSchema":"1a1c01bbd47fc00a2c39e90264f33305004495a9","hash":"a343b152c8366893e2f9f222b605be3eded7cdd4"}
,"/home/francesco/Projects/manenti.net/kata-js-module/src/romanNumbers/convert.js": {"path":"/home/francesco/Projects/manenti.net/kata-js-module/src/romanNumbers/convert.js","statementMap":{"0":{"start":{"line":6,"column":12},"end":{"line":6,"column":21}},"1":{"start":{"line":7,"column":0},"end":{"line":7,"column":16}},"2":{"start":{"line":8,"column":0},"end":{"line":8,"column":17}},"3":{"start":{"line":9,"column":0},"end":{"line":9,"column":16}},"4":{"start":{"line":10,"column":0},"end":{"line":10,"column":17}},"5":{"start":{"line":11,"column":0},"end":{"line":11,"column":18}},"6":{"start":{"line":12,"column":0},"end":{"line":12,"column":17}},"7":{"start":{"line":13,"column":0},"end":{"line":13,"column":18}},"8":{"start":{"line":14,"column":0},"end":{"line":14,"column":18}},"9":{"start":{"line":15,"column":0},"end":{"line":15,"column":18}},"10":{"start":{"line":16,"column":0},"end":{"line":16,"column":19}},"11":{"start":{"line":19,"column":22},"end":{"line":19,"column":24}},"12":{"start":{"line":20,"column":22},"end":{"line":20,"column":59}},"13":{"start":{"line":21,"column":4},"end":{"line":40,"column":5}},"14":{"start":{"line":22,"column":22},"end":{"line":22,"column":25}},"15":{"start":{"line":23,"column":29},"end":{"line":23,"column":30}},"16":{"start":{"line":24,"column":8},"end":{"line":32,"column":9}},"17":{"start":{"line":25,"column":12},"end":{"line":25,"column":56}},"18":{"start":{"line":26,"column":12},"end":{"line":26,"column":23}},"19":{"start":{"line":27,"column":15},"end":{"line":32,"column":9}},"20":{"start":{"line":28,"column":12},"end":{"line":28,"column":45}},"21":{"start":{"line":29,"column":12},"end":{"line":29,"column":44}},"22":{"start":{"line":30,"column":12},"end":{"line":30,"column":56}},"23":{"start":{"line":31,"column":12},"end":{"line":31,"column":38}},"24":{"start":{"line":33,"column":8},"end":{"line":39,"column":9}},"25":{"start":{"line":34,"column":12},"end":{"line":38,"column":13}},"26":{"start":{"line":35,"column":16},"end":{"line":35,"column":22}},"27":{"start":{"line":37,"column":16},"end":{"line":37,"column":39}},"28":{"start":{"line":41,"column":4},"end":{"line":41,"column":23}}},"fnMap":{"0":{"name":"convert","decl":{"start":{"line":18,"column":16},"end":{"line":18,"column":23}},"loc":{"start":{"line":18,"column":32},"end":{"line":42,"column":1}},"line":18}},"branchMap":{"0":{"loc":{"start":{"line":24,"column":8},"end":{"line":32,"column":9}},"type":"if","locations":[{"start":{"line":24,"column":8},"end":{"line":32,"column":9}},{"start":{"line":27,"column":15},"end":{"line":32,"column":9}}],"line":24},"1":{"loc":{"start":{"line":27,"column":15},"end":{"line":32,"column":9}},"type":"if","locations":[{"start":{"line":27,"column":15},"end":{"line":32,"column":9}},{"start":{},"end":{}}],"line":27},"2":{"loc":{"start":{"line":33,"column":8},"end":{"line":39,"column":9}},"type":"if","locations":[{"start":{"line":33,"column":8},"end":{"line":39,"column":9}},{"start":{},"end":{}}],"line":33},"3":{"loc":{"start":{"line":34,"column":12},"end":{"line":38,"column":13}},"type":"if","locations":[{"start":{"line":34,"column":12},"end":{"line":38,"column":13}},{"start":{"line":36,"column":19},"end":{"line":38,"column":13}}],"line":34}},"s":{"0":1,"1":1,"2":1,"3":1,"4":1,"5":1,"6":1,"7":1,"8":1,"9":1,"10":1,"11":7,"12":7,"13":7,"14":55,"15":55,"16":55,"17":7,"18":7,"19":48,"20":2,"21":2,"22":2,"23":2,"24":55,"25":9,"26":7,"27":2,"28":7},"f":{"0":7},"b":{"0":[7,48],"1":[2,46],"2":[9,46],"3":[7,2]},"_coverageSchema":"1a1c01bbd47fc00a2c39e90264f33305004495a9","hash":"9c8b49d9b21073b203c164c7bd5071ae1ff2d9c3"}
,"/home/francesco/Projects/manenti.net/kata-js-module/src/tris/tris.js": {"path":"/home/francesco/Projects/manenti.net/kata-js-module/src/tris/tris.js","statementMap":{"0":{"start":{"line":9,"column":17},"end":{"line":9,"column":24}},"1":{"start":{"line":10,"column":13},"end":{"line":10,"column":90}},"2":{"start":{"line":11,"column":13},"end":{"line":11,"column":90}},"3":{"start":{"line":12,"column":13},"end":{"line":12,"column":90}},"4":{"start":{"line":14,"column":13},"end":{"line":14,"column":90}},"5":{"start":{"line":15,"column":13},"end":{"line":15,"column":90}},"6":{"start":{"line":17,"column":23},"end":{"line":17,"column":73}},"7":{"start":{"line":19,"column":4},"end":{"line":24,"column":5}},"8":{"start":{"line":19,"column":17},"end":{"line":19,"column":18}},"9":{"start":{"line":20,"column":26},"end":{"line":20,"column":41}},"10":{"start":{"line":21,"column":8},"end":{"line":23,"column":9}},"11":{"start":{"line":22,"column":12},"end":{"line":22,"column":48}},"12":{"start":{"line":25,"column":4},"end":{"line":25,"column":18}}},"fnMap":{"0":{"name":"resolve","decl":{"start":{"line":8,"column":16},"end":{"line":8,"column":23}},"loc":{"start":{"line":8,"column":55},"end":{"line":26,"column":1}},"line":8}},"branchMap":{"0":{"loc":{"start":{"line":21,"column":8},"end":{"line":23,"column":9}},"type":"if","locations":[{"start":{"line":21,"column":8},"end":{"line":23,"column":9}},{"start":{},"end":{}}],"line":21},"1":{"loc":{"start":{"line":21,"column":12},"end":{"line":21,"column":58}},"type":"binary-expr","locations":[{"start":{"line":21,"column":12},"end":{"line":21,"column":33}},{"start":{"line":21,"column":37},"end":{"line":21,"column":58}}],"line":21}},"s":{"0":4,"1":4,"2":4,"3":4,"4":4,"5":4,"6":4,"7":4,"8":4,"9":32,"10":32,"11":3,"12":4},"f":{"0":4},"b":{"0":[3,29],"1":[32,30]},"_coverageSchema":"1a1c01bbd47fc00a2c39e90264f33305004495a9","hash":"f811eccce7641867683516486889943e377e0d0c"}
}
